<?xml version="1.0" encoding="UTF-8"?>
<!-- Generated by org.testng.reporters.JUnitXMLReporter -->
<testsuite ignored="0" hostname="LTIN485900" failures="0" tests="5" name="Chrome_Test" time="100.914" errors="0" timestamp="2024-04-01T15:01:49 IST">
  <testcase classname="testSuites.TestSuite_1" name="validateUser" time="3.072"/>
  <testcase classname="testSuites.TestSuite_1" name="validateWelcomeMessage" time="18.533"/>
  <testcase classname="testSuites.TestSuite_1" name="validateDefaultLanguageAndCountry" time="0.715"/>
  <testcase classname="testSuites.TestSuite_1" name="getLanguages" time="0.358"/>
  <testcase classname="testSuites.TestSuite_1" name="checkDetails" time="28.826"/>
</testsuite> <!-- Chrome_Test -->
