<?xml version="1.0" encoding="UTF-8"?>
<testng-results ignored="0" total="10" passed="10" failed="0" skipped="0">
  <reporter-output>
  </reporter-output>
  <suite started-at="2024-03-31T20:16:20 IST" name="Suite" finished-at="2024-03-31T20:18:13 IST" duration-ms="112949">
    <groups>
    </groups>
    <test started-at="2024-03-31T20:16:20 IST" name="Chrome_Test" finished-at="2024-03-31T20:18:12 IST" duration-ms="112400">
      <class name="testSuites.TestSuite_1">
        <test-method is-config="true" signature="setup(java.lang.String)[pri:0, instance:testSuites.TestSuite_1@26794848]" started-at="2024-03-31T20:16:20 IST" name="setup" finished-at="2024-03-31T20:16:56 IST" duration-ms="35722" status="PASS">
          <params>
            <param index="0">
              <value>
                <![CDATA[Chrome]]>
              </value>
            </param>
          </params>
          <reporter-output>
          </reporter-output>
        </test-method> <!-- setup -->
        <test-method signature="validateUser(java.lang.String)[pri:1, instance:testSuites.TestSuite_1@26794848]" started-at="2024-03-31T20:16:56 IST" name="validateUser" finished-at="2024-03-31T20:17:01 IST" duration-ms="4760" status="PASS">
          <params>
            <param index="0">
              <value>
                <![CDATA[Chrome]]>
              </value>
            </param>
          </params>
          <reporter-output>
          </reporter-output>
        </test-method> <!-- validateUser -->
        <test-method signature="validateWelcomeMessage(java.lang.String)[pri:2, instance:testSuites.TestSuite_1@26794848]" started-at="2024-03-31T20:17:01 IST" name="validateWelcomeMessage" finished-at="2024-03-31T20:17:20 IST" depends-on-methods="testSuites.TestSuite_1.validateUser" duration-ms="18805" status="PASS">
          <params>
            <param index="0">
              <value>
                <![CDATA[Chrome]]>
              </value>
            </param>
          </params>
          <reporter-output>
          </reporter-output>
        </test-method> <!-- validateWelcomeMessage -->
        <test-method signature="validateDefaultLanguageAndCountry(java.lang.String)[pri:3, instance:testSuites.TestSuite_1@26794848]" started-at="2024-03-31T20:17:20 IST" name="validateDefaultLanguageAndCountry" finished-at="2024-03-31T20:17:22 IST" depends-on-methods="testSuites.TestSuite_1.validateWelcomeMessage" duration-ms="2418" status="PASS">
          <params>
            <param index="0">
              <value>
                <![CDATA[Chrome]]>
              </value>
            </param>
          </params>
          <reporter-output>
          </reporter-output>
        </test-method> <!-- validateDefaultLanguageAndCountry -->
        <test-method signature="getLanguages(java.lang.String)[pri:4, instance:testSuites.TestSuite_1@26794848]" started-at="2024-03-31T20:17:22 IST" name="getLanguages" finished-at="2024-03-31T20:17:23 IST" depends-on-methods="testSuites.TestSuite_1.validateWelcomeMessage" duration-ms="1230" status="PASS">
          <params>
            <param index="0">
              <value>
                <![CDATA[Chrome]]>
              </value>
            </param>
          </params>
          <reporter-output>
          </reporter-output>
        </test-method> <!-- getLanguages -->
        <test-method signature="checkDetails(java.lang.String)[pri:5, instance:testSuites.TestSuite_1@26794848]" started-at="2024-03-31T20:17:23 IST" name="checkDetails" finished-at="2024-03-31T20:18:01 IST" depends-on-methods="testSuites.TestSuite_1.validateWelcomeMessage" duration-ms="37308" status="PASS">
          <params>
            <param index="0">
              <value>
                <![CDATA[Chrome]]>
              </value>
            </param>
          </params>
          <reporter-output>
          </reporter-output>
        </test-method> <!-- checkDetails -->
        <test-method is-config="true" signature="tearDown()[pri:0, instance:testSuites.TestSuite_1@26794848]" started-at="2024-03-31T20:18:01 IST" name="tearDown" finished-at="2024-03-31T20:18:12 IST" duration-ms="11575" status="PASS">
          <reporter-output>
          </reporter-output>
        </test-method> <!-- tearDown -->
      </class> <!-- testSuites.TestSuite_1 -->
    </test> <!-- Chrome_Test -->
    <test started-at="2024-03-31T20:16:20 IST" name="Edge_Test" finished-at="2024-03-31T20:18:13 IST" duration-ms="112949">
      <class name="testSuites.TestSuite_1">
        <test-method is-config="true" signature="setup(java.lang.String)[pri:0, instance:testSuites.TestSuite_1@5fbe4146]" started-at="2024-03-31T20:16:20 IST" name="setup" finished-at="2024-03-31T20:17:08 IST" duration-ms="47511" status="PASS">
          <params>
            <param index="0">
              <value>
                <![CDATA[Edge]]>
              </value>
            </param>
          </params>
          <reporter-output>
          </reporter-output>
        </test-method> <!-- setup -->
        <test-method signature="validateUser(java.lang.String)[pri:1, instance:testSuites.TestSuite_1@5fbe4146]" started-at="2024-03-31T20:17:08 IST" name="validateUser" finished-at="2024-03-31T20:17:13 IST" duration-ms="5585" status="PASS">
          <params>
            <param index="0">
              <value>
                <![CDATA[Edge]]>
              </value>
            </param>
          </params>
          <reporter-output>
          </reporter-output>
        </test-method> <!-- validateUser -->
        <test-method signature="validateWelcomeMessage(java.lang.String)[pri:2, instance:testSuites.TestSuite_1@5fbe4146]" started-at="2024-03-31T20:17:13 IST" name="validateWelcomeMessage" finished-at="2024-03-31T20:17:28 IST" depends-on-methods="testSuites.TestSuite_1.validateUser" duration-ms="14563" status="PASS">
          <params>
            <param index="0">
              <value>
                <![CDATA[Edge]]>
              </value>
            </param>
          </params>
          <reporter-output>
          </reporter-output>
        </test-method> <!-- validateWelcomeMessage -->
        <test-method signature="validateDefaultLanguageAndCountry(java.lang.String)[pri:3, instance:testSuites.TestSuite_1@5fbe4146]" started-at="2024-03-31T20:17:28 IST" name="validateDefaultLanguageAndCountry" finished-at="2024-03-31T20:17:29 IST" depends-on-methods="testSuites.TestSuite_1.validateWelcomeMessage" duration-ms="1594" status="PASS">
          <params>
            <param index="0">
              <value>
                <![CDATA[Edge]]>
              </value>
            </param>
          </params>
          <reporter-output>
          </reporter-output>
        </test-method> <!-- validateDefaultLanguageAndCountry -->
        <test-method signature="getLanguages(java.lang.String)[pri:4, instance:testSuites.TestSuite_1@5fbe4146]" started-at="2024-03-31T20:17:29 IST" name="getLanguages" finished-at="2024-03-31T20:17:30 IST" depends-on-methods="testSuites.TestSuite_1.validateWelcomeMessage" duration-ms="769" status="PASS">
          <params>
            <param index="0">
              <value>
                <![CDATA[Edge]]>
              </value>
            </param>
          </params>
          <reporter-output>
          </reporter-output>
        </test-method> <!-- getLanguages -->
        <test-method signature="checkDetails(java.lang.String)[pri:5, instance:testSuites.TestSuite_1@5fbe4146]" started-at="2024-03-31T20:17:30 IST" name="checkDetails" finished-at="2024-03-31T20:18:01 IST" depends-on-methods="testSuites.TestSuite_1.validateWelcomeMessage" duration-ms="30905" status="PASS">
          <params>
            <param index="0">
              <value>
                <![CDATA[Edge]]>
              </value>
            </param>
          </params>
          <reporter-output>
          </reporter-output>
        </test-method> <!-- checkDetails -->
        <test-method is-config="true" signature="tearDown()[pri:0, instance:testSuites.TestSuite_1@5fbe4146]" started-at="2024-03-31T20:18:01 IST" name="tearDown" finished-at="2024-03-31T20:18:13 IST" duration-ms="11492" status="PASS">
          <reporter-output>
          </reporter-output>
        </test-method> <!-- tearDown -->
      </class> <!-- testSuites.TestSuite_1 -->
    </test> <!-- Edge_Test -->
  </suite> <!-- Suite -->
</testng-results>
