<?xml version="1.0" encoding="UTF-8"?>
<testng-results ignored="0" total="5" passed="5" failed="0" skipped="0">
  <reporter-output>
  </reporter-output>
  <suite started-at="2024-04-01T15:00:08 IST" name="Suite" finished-at="2024-04-01T15:01:49 IST" duration-ms="100914">
    <groups>
    </groups>
    <test started-at="2024-04-01T15:00:08 IST" name="Chrome_Test" finished-at="2024-04-01T15:01:49 IST" duration-ms="100914">
      <class name="testSuites.TestSuite_1">
        <test-method is-config="true" signature="setup(java.lang.String)[pri:0, instance:testSuites.TestSuite_1@26794848]" started-at="2024-04-01T15:00:08 IST" name="setup" finished-at="2024-04-01T15:00:46 IST" duration-ms="37817" status="PASS">
          <params>
            <param index="0">
              <value>
                <![CDATA[Chrome]]>
              </value>
            </param>
          </params>
          <reporter-output>
          </reporter-output>
        </test-method> <!-- setup -->
        <test-method signature="validateUser(java.lang.String)[pri:1, instance:testSuites.TestSuite_1@26794848]" started-at="2024-04-01T15:00:46 IST" name="validateUser" finished-at="2024-04-01T15:00:49 IST" duration-ms="3072" status="PASS">
          <params>
            <param index="0">
              <value>
                <![CDATA[Chrome]]>
              </value>
            </param>
          </params>
          <reporter-output>
          </reporter-output>
        </test-method> <!-- validateUser -->
        <test-method signature="validateWelcomeMessage(java.lang.String)[pri:2, instance:testSuites.TestSuite_1@26794848]" started-at="2024-04-01T15:00:49 IST" name="validateWelcomeMessage" finished-at="2024-04-01T15:01:08 IST" depends-on-methods="testSuites.TestSuite_1.validateUser" duration-ms="18533" status="PASS">
          <params>
            <param index="0">
              <value>
                <![CDATA[Chrome]]>
              </value>
            </param>
          </params>
          <reporter-output>
          </reporter-output>
        </test-method> <!-- validateWelcomeMessage -->
        <test-method signature="validateDefaultLanguageAndCountry(java.lang.String)[pri:3, instance:testSuites.TestSuite_1@26794848]" started-at="2024-04-01T15:01:08 IST" name="validateDefaultLanguageAndCountry" finished-at="2024-04-01T15:01:08 IST" depends-on-methods="testSuites.TestSuite_1.validateWelcomeMessage" duration-ms="715" status="PASS">
          <params>
            <param index="0">
              <value>
                <![CDATA[Chrome]]>
              </value>
            </param>
          </params>
          <reporter-output>
          </reporter-output>
        </test-method> <!-- validateDefaultLanguageAndCountry -->
        <test-method signature="getLanguages(java.lang.String)[pri:4, instance:testSuites.TestSuite_1@26794848]" started-at="2024-04-01T15:01:08 IST" name="getLanguages" finished-at="2024-04-01T15:01:09 IST" depends-on-methods="testSuites.TestSuite_1.validateWelcomeMessage" duration-ms="358" status="PASS">
          <params>
            <param index="0">
              <value>
                <![CDATA[Chrome]]>
              </value>
            </param>
          </params>
          <reporter-output>
          </reporter-output>
        </test-method> <!-- getLanguages -->
        <test-method signature="checkDetails(java.lang.String)[pri:5, instance:testSuites.TestSuite_1@26794848]" started-at="2024-04-01T15:01:09 IST" name="checkDetails" finished-at="2024-04-01T15:01:37 IST" depends-on-methods="testSuites.TestSuite_1.validateWelcomeMessage" duration-ms="28826" status="PASS">
          <params>
            <param index="0">
              <value>
                <![CDATA[Chrome]]>
              </value>
            </param>
          </params>
          <reporter-output>
          </reporter-output>
        </test-method> <!-- checkDetails -->
        <test-method is-config="true" signature="tearDown()[pri:0, instance:testSuites.TestSuite_1@26794848]" started-at="2024-04-01T15:01:37 IST" name="tearDown" finished-at="2024-04-01T15:01:49 IST" duration-ms="11244" status="PASS">
          <reporter-output>
          </reporter-output>
        </test-method> <!-- tearDown -->
      </class> <!-- testSuites.TestSuite_1 -->
    </test> <!-- Chrome_Test -->
  </suite> <!-- Suite -->
</testng-results>
