<?xml version="1.0" encoding="UTF-8"?>
<!-- Generated by org.testng.reporters.JUnitXMLReporter -->
<testsuite ignored="0" hostname="LTIN485900" failures="0" tests="5" name="Chrome_Test" time="112.4" errors="0" timestamp="2024-03-31T20:18:13 IST">
  <testcase classname="testSuites.TestSuite_1" name="validateUser" time="4.76"/>
  <testcase classname="testSuites.TestSuite_1" name="validateWelcomeMessage" time="18.805"/>
  <testcase classname="testSuites.TestSuite_1" name="validateDefaultLanguageAndCountry" time="2.418"/>
  <testcase classname="testSuites.TestSuite_1" name="getLanguages" time="1.23"/>
  <testcase classname="testSuites.TestSuite_1" name="checkDetails" time="37.308"/>
</testsuite> <!-- Chrome_Test -->
