<?xml version="1.0" encoding="UTF-8"?>
<!-- Generated by org.testng.reporters.JUnitXMLReporter -->
<testsuite ignored="0" hostname="LTIN485900" failures="0" tests="5" name="Edge_Test" time="112.949" errors="0" timestamp="2024-03-31T20:18:13 IST">
  <testcase classname="testSuites.TestSuite_1" name="validateUser" time="5.585"/>
  <testcase classname="testSuites.TestSuite_1" name="validateWelcomeMessage" time="14.563"/>
  <testcase classname="testSuites.TestSuite_1" name="validateDefaultLanguageAndCountry" time="1.594"/>
  <testcase classname="testSuites.TestSuite_1" name="getLanguages" time="0.769"/>
  <testcase classname="testSuites.TestSuite_1" name="checkDetails" time="30.905"/>
</testsuite> <!-- Edge_Test -->
